[2024-12-19 18:34:59] [信息] 程序启动，准备初始化电池监控服务... 
[2024-12-19 18:34:59] [信息] BatteryMonitor 实例已创建 
[2024-12-19 18:34:59] [信息] 正在启动电池监控服务... 
[2024-12-19 18:34:59] [信息] 电池监控服务已启动，将每5分钟检查一次电池状态 
[2024-12-19 18:34:59] [信息] 开始检查电池状态... 
[2024-12-19 18:34:59] [信息] 电池监控服务初始化完成 
[2024-12-19 18:34:59] [信息] 正在建立数据库连接... 
[2024-12-19 18:34:59] [信息] 数据库连接建立成功 
[2024-12-19 18:34:59] [详细] 执行SQL查询: SELECT * FROM powerbank WHERE status = 'InUse' 
[2024-12-19 18:34:59] [信息] 已处理 0 个正在使用的电池 
[2024-12-19 18:34:59] [详细] 执行SQL查询: SELECT * FROM powerbank WHERE status = 'Unavailable' 
[2024-12-19 18:34:59] [信息] 已处理 0 个正在充电的电池 
[2024-12-19 18:34:59] [信息] 电池状态检查完成 
[2024-12-19 18:34:59] [信息] 登录界面已启动 
[2024-12-19 18:38:34] [详细] 执行SQL查询: SELECT * FROM User WHERE username = ? AND password = ? 
[2024-12-19 18:38:34] [信息] 用户认证尝试: root - 成功: true 
[2024-12-19 18:38:34] [详细] 执行SQL查询: SELECT status FROM User WHERE username = ? AND password = ? 
[2024-12-19 18:38:34] [信息] 检查用户是否为管理员: root - 结果: true 
[2024-12-19 18:38:34] [详细] 执行SQL查询: SELECT * FROM powerbank 
[2024-12-19 18:39:59] [信息] 开始检查电池状态... 
[2024-12-19 18:39:59] [详细] 执行SQL查询: SELECT * FROM powerbank WHERE status = 'InUse' 
[2024-12-19 18:39:59] [信息] 已处理 0 个正在使用的电池 
[2024-12-19 18:39:59] [详细] 执行SQL查询: SELECT * FROM powerbank WHERE status = 'Unavailable' 
[2024-12-19 18:39:59] [信息] 已处理 0 个正在充电的电池 
[2024-12-19 18:39:59] [信息] 电池状态检查完成 
[2024-12-19 18:42:26] [详细] 执行SQL查询: SELECT * FROM user 
[2024-12-19 18:42:32] [详细] 执行SQL查询: SELECT * FROM powerbank 
[2024-12-19 18:42:33] [详细] 执行SQL查询: SELECT * FROM user 
[2024-12-19 18:42:35] [详细] 执行SQL查询: SELECT * FROM powerbank 
[2024-12-19 18:42:39] [详细] 执行SQL查询: SELECT * FROM user 
[2024-12-19 18:44:59] [信息] 开始检查电池状态... 
[2024-12-19 18:44:59] [详细] 执行SQL查询: SELECT * FROM powerbank WHERE status = 'InUse' 
[2024-12-19 18:44:59] [信息] 已处理 0 个正在使用的电池 
[2024-12-19 18:44:59] [详细] 执行SQL查询: SELECT * FROM powerbank WHERE status = 'Unavailable' 
[2024-12-19 18:44:59] [信息] 已处理 0 个正在充电的电池 
[2024-12-19 18:44:59] [信息] 电池状态检查完成 
[2024-12-19 18:49:59] [信息] 开始检查电池状态... 
[2024-12-19 18:49:59] [详细] 执行SQL查询: SELECT * FROM powerbank WHERE status = 'InUse' 
[2024-12-19 18:49:59] [信息] 已处理 0 个正在使用的电池 
[2024-12-19 18:49:59] [详细] 执行SQL查询: SELECT * FROM powerbank WHERE status = 'Unavailable' 
[2024-12-19 18:49:59] [信息] 已处理 0 个正在充电的电池 
[2024-12-19 18:49:59] [信息] 电池状态检查完成 
[2024-12-19 18:54:59] [信息] 开始检查电池状态... 
[2024-12-19 18:54:59] [详细] 执行SQL查询: SELECT * FROM powerbank WHERE status = 'InUse' 
[2024-12-19 18:54:59] [信息] 已处理 0 个正在使用的电池 
[2024-12-19 18:54:59] [详细] 执行SQL查询: SELECT * FROM powerbank WHERE status = 'Unavailable' 
[2024-12-19 18:54:59] [信息] 已处理 0 个正在充电的电池 
[2024-12-19 18:54:59] [信息] 电池状态检查完成 
[2024-12-19 18:59:59] [信息] 开始检查电池状态... 
[2024-12-19 18:59:59] [详细] 执行SQL查询: SELECT * FROM powerbank WHERE status = 'InUse' 
[2024-12-19 18:59:59] [信息] 已处理 0 个正在使用的电池 
[2024-12-19 18:59:59] [详细] 执行SQL查询: SELECT * FROM powerbank WHERE status = 'Unavailable' 
[2024-12-19 18:59:59] [信息] 已处理 0 个正在充电的电池 
[2024-12-19 18:59:59] [信息] 电池状态检查完成 
[2024-12-19 19:04:59] [信息] 开始检查电池状态... 
[2024-12-19 19:04:59] [详细] 执行SQL查询: SELECT * FROM powerbank WHERE status = 'InUse' 
[2024-12-19 19:04:59] [信息] 已处理 0 个正在使用的电池 
[2024-12-19 19:04:59] [详细] 执行SQL查询: SELECT * FROM powerbank WHERE status = 'Unavailable' 
[2024-12-19 19:04:59] [信息] 已处理 0 个正在充电的电池 
[2024-12-19 19:04:59] [信息] 电池状态检查完成 
[2024-12-19 19:09:59] [信息] 开始检查电池状态... 
[2024-12-19 19:09:59] [详细] 执行SQL查询: SELECT * FROM powerbank WHERE status = 'InUse' 
[2024-12-19 19:09:59] [信息] 已处理 0 个正在使用的电池 
[2024-12-19 19:09:59] [详细] 执行SQL查询: SELECT * FROM powerbank WHERE status = 'Unavailable' 
[2024-12-19 19:09:59] [信息] 已处理 0 个正在充电的电池 
[2024-12-19 19:09:59] [信息] 电池状态检查完成 
[2024-12-19 19:14:59] [信息] 开始检查电池状态... 
[2024-12-19 19:14:59] [详细] 执行SQL查询: SELECT * FROM powerbank WHERE status = 'InUse' 
[2024-12-19 19:14:59] [信息] 已处理 0 个正在使用的电池 
[2024-12-19 19:14:59] [详细] 执行SQL查询: SELECT * FROM powerbank WHERE status = 'Unavailable' 
[2024-12-19 19:14:59] [信息] 已处理 0 个正在充电的电池 
[2024-12-19 19:14:59] [信息] 电池状态检查完成 
[2024-12-19 19:19:59] [信息] 开始检查电池状态... 
[2024-12-19 19:19:59] [详细] 执行SQL查询: SELECT * FROM powerbank WHERE status = 'InUse' 
[2024-12-19 19:19:59] [信息] 已处理 0 个正在使用的电池 
[2024-12-19 19:19:59] [详细] 执行SQL查询: SELECT * FROM powerbank WHERE status = 'Unavailable' 
[2024-12-19 19:19:59] [信息] 已处理 0 个正在充电的电池 
[2024-12-19 19:19:59] [信息] 电池状态检查完成 
[2024-12-19 19:24:59] [信息] 开始检查电池状态... 
[2024-12-19 19:24:59] [详细] 执行SQL查询: SELECT * FROM powerbank WHERE status = 'InUse' 
[2024-12-19 19:24:59] [信息] 已处理 0 个正在使用的电池 
[2024-12-19 19:24:59] [详细] 执行SQL查询: SELECT * FROM powerbank WHERE status = 'Unavailable' 
[2024-12-19 19:24:59] [信息] 已处理 0 个正在充电的电池 
[2024-12-19 19:24:59] [信息] 电池状态检查完成 
[2024-12-19 19:29:59] [信息] 开始检查电池状态... 
[2024-12-19 19:29:59] [详细] 执行SQL查询: SELECT * FROM powerbank WHERE status = 'InUse' 
[2024-12-19 19:29:59] [信息] 已处理 0 个正在使用的电池 
[2024-12-19 19:29:59] [详细] 执行SQL查询: SELECT * FROM powerbank WHERE status = 'Unavailable' 
[2024-12-19 19:29:59] [信息] 已处理 0 个正在充电的电池 
[2024-12-19 19:29:59] [信息] 电池状态检查完成 
[2024-12-19 19:34:59] [信息] 开始检查电池状态... 
[2024-12-19 19:34:59] [详细] 执行SQL查询: SELECT * FROM powerbank WHERE status = 'InUse' 
[2024-12-19 19:34:59] [信息] 已处理 0 个正在使用的电池 
[2024-12-19 19:34:59] [详细] 执行SQL查询: SELECT * FROM powerbank WHERE status = 'Unavailable' 
[2024-12-19 19:34:59] [信息] 已处理 0 个正在充电的电池 
[2024-12-19 19:34:59] [信息] 电池状态检查完成 
[2024-12-19 19:39:59] [信息] 开始检查电池状态... 
[2024-12-19 19:39:59] [详细] 执行SQL查询: SELECT * FROM powerbank WHERE status = 'InUse' 
[2024-12-19 19:39:59] [信息] 已处理 0 个正在使用的电池 
[2024-12-19 19:39:59] [详细] 执行SQL查询: SELECT * FROM powerbank WHERE status = 'Unavailable' 
[2024-12-19 19:39:59] [信息] 已处理 0 个正在充电的电池 
[2024-12-19 19:39:59] [信息] 电池状态检查完成 
[2024-12-19 19:44:59] [信息] 开始检查电池状态... 
[2024-12-19 19:44:59] [详细] 执行SQL查询: SELECT * FROM powerbank WHERE status = 'InUse' 
[2024-12-19 19:44:59] [信息] 已处理 0 个正在使用的电池 
[2024-12-19 19:44:59] [详细] 执行SQL查询: SELECT * FROM powerbank WHERE status = 'Unavailable' 
[2024-12-19 19:44:59] [信息] 已处理 0 个正在充电的电池 
[2024-12-19 19:44:59] [信息] 电池状态检查完成 
[2024-12-19 19:49:59] [信息] 开始检查电池状态... 
[2024-12-19 19:49:59] [详细] 执行SQL查询: SELECT * FROM powerbank WHERE status = 'InUse' 
[2024-12-19 19:49:59] [信息] 已处理 0 个正在使用的电池 
[2024-12-19 19:49:59] [详细] 执行SQL查询: SELECT * FROM powerbank WHERE status = 'Unavailable' 
[2024-12-19 19:49:59] [信息] 已处理 0 个正在充电的电池 
[2024-12-19 19:49:59] [信息] 电池状态检查完成 
[2024-12-19 19:54:59] [信息] 开始检查电池状态... 
[2024-12-19 19:54:59] [详细] 执行SQL查询: SELECT * FROM powerbank WHERE status = 'InUse' 
[2024-12-19 19:54:59] [信息] 已处理 0 个正在使用的电池 
[2024-12-19 19:54:59] [详细] 执行SQL查询: SELECT * FROM powerbank WHERE status = 'Unavailable' 
[2024-12-19 19:54:59] [信息] 已处理 0 个正在充电的电池 
[2024-12-19 19:54:59] [信息] 电池状态检查完成 
[2024-12-19 19:59:59] [信息] 开始检查电池状态... 
[2024-12-19 19:59:59] [详细] 执行SQL查询: SELECT * FROM powerbank WHERE status = 'InUse' 
[2024-12-19 19:59:59] [信息] 已处理 0 个正在使用的电池 
[2024-12-19 19:59:59] [详细] 执行SQL查询: SELECT * FROM powerbank WHERE status = 'Unavailable' 
[2024-12-19 19:59:59] [信息] 已处理 0 个正在充电的电池 
[2024-12-19 19:59:59] [信息] 电池状态检查完成 
[2024-12-19 20:04:59] [信息] 开始检查电池状态... 
[2024-12-19 20:04:59] [详细] 执行SQL查询: SELECT * FROM powerbank WHERE status = 'InUse' 
[2024-12-19 20:04:59] [信息] 已处理 0 个正在使用的电池 
[2024-12-19 20:04:59] [详细] 执行SQL查询: SELECT * FROM powerbank WHERE status = 'Unavailable' 
[2024-12-19 20:04:59] [信息] 已处理 0 个正在充电的电池 
[2024-12-19 20:04:59] [信息] 电池状态检查完成 
[2024-12-19 20:09:59] [信息] 开始检查电池状态... 
[2024-12-19 20:09:59] [详细] 执行SQL查询: SELECT * FROM powerbank WHERE status = 'InUse' 
[2024-12-19 20:09:59] [信息] 已处理 0 个正在使用的电池 
[2024-12-19 20:09:59] [详细] 执行SQL查询: SELECT * FROM powerbank WHERE status = 'Unavailable' 
[2024-12-19 20:09:59] [信息] 已处理 0 个正在充电的电池 
[2024-12-19 20:09:59] [信息] 电池状态检查完成 
[2024-12-19 20:14:59] [信息] 开始检查电池状态... 
[2024-12-19 20:14:59] [详细] 执行SQL查询: SELECT * FROM powerbank WHERE status = 'InUse' 
[2024-12-19 20:14:59] [信息] 已处理 0 个正在使用的电池 
[2024-12-19 20:14:59] [详细] 执行SQL查询: SELECT * FROM powerbank WHERE status = 'Unavailable' 
[2024-12-19 20:14:59] [信息] 已处理 0 个正在充电的电池 
[2024-12-19 20:14:59] [信息] 电池状态检查完成 
[2024-12-19 20:19:59] [信息] 开始检查电池状态... 
[2024-12-19 20:19:59] [详细] 执行SQL查询: SELECT * FROM powerbank WHERE status = 'InUse' 
[2024-12-19 20:19:59] [信息] 已处理 0 个正在使用的电池 
[2024-12-19 20:19:59] [详细] 执行SQL查询: SELECT * FROM powerbank WHERE status = 'Unavailable' 
[2024-12-19 20:19:59] [信息] 已处理 0 个正在充电的电池 
[2024-12-19 20:19:59] [信息] 电池状态检查完成 
[2024-12-19 20:24:59] [信息] 开始检查电池状态... 
[2024-12-19 20:24:59] [详细] 执行SQL查询: SELECT * FROM powerbank WHERE status = 'InUse' 
[2024-12-19 20:24:59] [信息] 已处理 0 个正在使用的电池 
[2024-12-19 20:24:59] [详细] 执行SQL查询: SELECT * FROM powerbank WHERE status = 'Unavailable' 
[2024-12-19 20:24:59] [信息] 已处理 0 个正在充电的电池 
[2024-12-19 20:24:59] [信息] 电池状态检查完成 
[2024-12-19 20:29:59] [信息] 开始检查电池状态... 
[2024-12-19 20:29:59] [详细] 执行SQL查询: SELECT * FROM powerbank WHERE status = 'InUse' 
[2024-12-19 20:29:59] [信息] 已处理 0 个正在使用的电池 
[2024-12-19 20:29:59] [详细] 执行SQL查询: SELECT * FROM powerbank WHERE status = 'Unavailable' 
[2024-12-19 20:29:59] [信息] 已处理 0 个正在充电的电池 
[2024-12-19 20:29:59] [信息] 电池状态检查完成 
[2024-12-19 20:34:59] [信息] 开始检查电池状态... 
[2024-12-19 20:34:59] [详细] 执行SQL查询: SELECT * FROM powerbank WHERE status = 'InUse' 
[2024-12-19 20:34:59] [信息] 已处理 0 个正在使用的电池 
[2024-12-19 20:34:59] [详细] 执行SQL查询: SELECT * FROM powerbank WHERE status = 'Unavailable' 
[2024-12-19 20:34:59] [信息] 已处理 0 个正在充电的电池 
[2024-12-19 20:34:59] [信息] 电池状态检查完成 
[2024-12-19 20:39:59] [信息] 开始检查电池状态... 
[2024-12-19 20:39:59] [详细] 执行SQL查询: SELECT * FROM powerbank WHERE status = 'InUse' 
[2024-12-19 20:39:59] [信息] 已处理 0 个正在使用的电池 
[2024-12-19 20:39:59] [详细] 执行SQL查询: SELECT * FROM powerbank WHERE status = 'Unavailable' 
[2024-12-19 20:39:59] [信息] 已处理 0 个正在充电的电池 
[2024-12-19 20:39:59] [信息] 电池状态检查完成 
[2024-12-19 20:44:59] [信息] 开始检查电池状态... 
[2024-12-19 20:44:59] [详细] 执行SQL查询: SELECT * FROM powerbank WHERE status = 'InUse' 
[2024-12-19 20:44:59] [信息] 已处理 0 个正在使用的电池 
[2024-12-19 20:44:59] [详细] 执行SQL查询: SELECT * FROM powerbank WHERE status = 'Unavailable' 
[2024-12-19 20:44:59] [信息] 已处理 0 个正在充电的电池 
[2024-12-19 20:44:59] [信息] 电池状态检查完成 
[2024-12-19 20:49:59] [信息] 开始检查电池状态... 
[2024-12-19 20:49:59] [详细] 执行SQL查询: SELECT * FROM powerbank WHERE status = 'InUse' 
[2024-12-19 20:49:59] [信息] 已处理 0 个正在使用的电池 
[2024-12-19 20:49:59] [详细] 执行SQL查询: SELECT * FROM powerbank WHERE status = 'Unavailable' 
[2024-12-19 20:49:59] [信息] 已处理 0 个正在充电的电池 
[2024-12-19 20:49:59] [信息] 电池状态检查完成 
[2024-12-19 20:54:59] [信息] 开始检查电池状态... 
[2024-12-19 20:54:59] [详细] 执行SQL查询: SELECT * FROM powerbank WHERE status = 'InUse' 
[2024-12-19 20:54:59] [信息] 已处理 0 个正在使用的电池 
[2024-12-19 20:54:59] [详细] 执行SQL查询: SELECT * FROM powerbank WHERE status = 'Unavailable' 
[2024-12-19 20:54:59] [信息] 已处理 0 个正在充电的电池 
[2024-12-19 20:54:59] [信息] 电池状态检查完成 
[2024-12-19 20:59:59] [信息] 开始检查电池状态... 
[2024-12-19 20:59:59] [详细] 执行SQL查询: SELECT * FROM powerbank WHERE status = 'InUse' 
[2024-12-19 20:59:59] [信息] 已处理 0 个正在使用的电池 
[2024-12-19 20:59:59] [详细] 执行SQL查询: SELECT * FROM powerbank WHERE status = 'Unavailable' 
[2024-12-19 20:59:59] [信息] 已处理 0 个正在充电的电池 
[2024-12-19 20:59:59] [信息] 电池状态检查完成 
[2024-12-19 21:04:59] [信息] 开始检查电池状态... 
[2024-12-19 21:04:59] [详细] 执行SQL查询: SELECT * FROM powerbank WHERE status = 'InUse' 
[2024-12-19 21:04:59] [信息] 已处理 0 个正在使用的电池 
[2024-12-19 21:04:59] [详细] 执行SQL查询: SELECT * FROM powerbank WHERE status = 'Unavailable' 
[2024-12-19 21:04:59] [信息] 已处理 0 个正在充电的电池 
[2024-12-19 21:04:59] [信息] 电池状态检查完成 
[2024-12-19 21:09:59] [信息] 开始检查电池状态... 
[2024-12-19 21:09:59] [详细] 执行SQL查询: SELECT * FROM powerbank WHERE status = 'InUse' 
[2024-12-19 21:09:59] [信息] 已处理 0 个正在使用的电池 
[2024-12-19 21:09:59] [详细] 执行SQL查询: SELECT * FROM powerbank WHERE status = 'Unavailable' 
[2024-12-19 21:09:59] [信息] 已处理 0 个正在充电的电池 
[2024-12-19 21:09:59] [信息] 电池状态检查完成 
[2024-12-19 21:14:59] [信息] 开始检查电池状态... 
[2024-12-19 21:14:59] [详细] 执行SQL查询: SELECT * FROM powerbank WHERE status = 'InUse' 
[2024-12-19 21:14:59] [信息] 已处理 0 个正在使用的电池 
[2024-12-19 21:14:59] [详细] 执行SQL查询: SELECT * FROM powerbank WHERE status = 'Unavailable' 
[2024-12-19 21:14:59] [信息] 已处理 0 个正在充电的电池 
[2024-12-19 21:14:59] [信息] 电池状态检查完成 
[2024-12-19 21:19:59] [信息] 开始检查电池状态... 
[2024-12-19 21:19:59] [详细] 执行SQL查询: SELECT * FROM powerbank WHERE status = 'InUse' 
[2024-12-19 21:19:59] [信息] 已处理 0 个正在使用的电池 
[2024-12-19 21:19:59] [详细] 执行SQL查询: SELECT * FROM powerbank WHERE status = 'Unavailable' 
[2024-12-19 21:19:59] [信息] 已处理 0 个正在充电的电池 
[2024-12-19 21:19:59] [信息] 电池状态检查完成 
[2024-12-19 23:36:05] [信息] 程序启动，准备初始化电池监控服务... 
[2024-12-19 23:36:05] [信息] BatteryMonitor 实例已创建 
[2024-12-19 23:36:05] [信息] 正在启动电池监控服务... 
[2024-12-19 23:36:05] [信息] 电池监控服务已启动，将每5分钟检查一次电池状态 
[2024-12-19 23:36:05] [信息] 开始检查电池状态... 
[2024-12-19 23:36:05] [信息] 电池监控服务初始化完成 
[2024-12-19 23:36:05] [信息] 正在建立数据库连接... 
[2024-12-19 23:36:05] [信息] 数据库连接建立成功 
[2024-12-19 23:36:05] [详细] 执行SQL查询: SELECT * FROM powerbank WHERE status = 'InUse' 
[2024-12-19 23:36:05] [信息] 已处理 0 个正在使用的电池 
[2024-12-19 23:36:05] [详细] 执行SQL查询: SELECT * FROM powerbank WHERE status = 'Unavailable' 
[2024-12-19 23:36:05] [信息] 已处理 0 个正在充电的电池 
[2024-12-19 23:36:05] [信息] 电池状态检查完成 
[2024-12-19 23:36:06] [信息] 登录界面已启动 
[2024-12-19 23:36:08] [详细] 执行SQL查询: SELECT * FROM User WHERE username = ? AND password = ? 
[2024-12-19 23:36:08] [信息] 用户认证尝试: root - 成功: true 
[2024-12-19 23:36:08] [详细] 执行SQL查询: SELECT status FROM User WHERE username = ? AND password = ? 
[2024-12-19 23:36:08] [信息] 检查用户是否为管理员: root - 结果: true 
[2024-12-19 23:36:08] [详细] 执行SQL查询: SELECT * FROM powerbank 
[2024-12-19 23:36:14] [信息] 程序启动，准备初始化电池监控服务... 
[2024-12-19 23:36:14] [信息] BatteryMonitor 实例已创建 
[2024-12-19 23:36:14] [信息] 正在启动电池监控服务... 
[2024-12-19 23:36:14] [信息] 电池监控服务已启动，将每5分钟检查一次电池状态 
[2024-12-19 23:36:14] [信息] 电池监控服务初始化完成 
[2024-12-19 23:36:14] [信息] 开始检查电池状态... 
[2024-12-19 23:36:14] [信息] 正在建立数据库连接... 
[2024-12-19 23:36:14] [信息] 登录界面已启动 
[2024-12-19 23:36:14] [信息] 数据库连接建立成功 
[2024-12-19 23:36:14] [详细] 执行SQL查询: SELECT * FROM powerbank WHERE status = 'InUse' 
[2024-12-19 23:36:14] [信息] 已处理 0 个正在使用的电池 
[2024-12-19 23:36:14] [详细] 执行SQL查询: SELECT * FROM powerbank WHERE status = 'Unavailable' 
[2024-12-19 23:36:14] [信息] 已处理 0 个正在充电的电池 
[2024-12-19 23:36:14] [信息] 电池状态检查完成 
[2024-12-19 23:41:14] [信息] 开始检查电池状态... 
[2024-12-19 23:41:14] [详细] 执行SQL查询: SELECT * FROM powerbank WHERE status = 'InUse' 
[2024-12-19 23:41:14] [信息] 已处理 0 个正在使用的电池 
[2024-12-19 23:41:14] [详细] 执行SQL查询: SELECT * FROM powerbank WHERE status = 'Unavailable' 
[2024-12-19 23:41:14] [信息] 已处理 0 个正在充电的电池 
[2024-12-19 23:41:14] [信息] 电池状态检查完成 
[2024-12-19 23:46:14] [信息] 开始检查电池状态... 
[2024-12-19 23:46:14] [详细] 执行SQL查询: SELECT * FROM powerbank WHERE status = 'InUse' 
[2024-12-19 23:46:14] [信息] 已处理 0 个正在使用的电池 
[2024-12-19 23:46:14] [详细] 执行SQL查询: SELECT * FROM powerbank WHERE status = 'Unavailable' 
[2024-12-19 23:46:14] [信息] 已处理 0 个正在充电的电池 
[2024-12-19 23:46:14] [信息] 电池状态检查完成 
[2024-12-19 23:51:14] [信息] 开始检查电池状态... 
[2024-12-19 23:51:14] [详细] 执行SQL查询: SELECT * FROM powerbank WHERE status = 'InUse' 
[2024-12-19 23:51:14] [信息] 已处理 0 个正在使用的电池 
[2024-12-19 23:51:14] [详细] 执行SQL查询: SELECT * FROM powerbank WHERE status = 'Unavailable' 
[2024-12-19 23:51:14] [信息] 已处理 0 个正在充电的电池 
[2024-12-19 23:51:14] [信息] 电池状态检查完成 
[2024-12-19 23:56:14] [信息] 开始检查电池状态... 
[2024-12-19 23:56:14] [详细] 执行SQL查询: SELECT * FROM powerbank WHERE status = 'InUse' 
[2024-12-19 23:56:14] [信息] 已处理 0 个正在使用的电池 
[2024-12-19 23:56:14] [详细] 执行SQL查询: SELECT * FROM powerbank WHERE status = 'Unavailable' 
[2024-12-19 23:56:14] [信息] 已处理 0 个正在充电的电池 
[2024-12-19 23:56:14] [信息] 电池状态检查完成 
[2024-12-20 00:01:14] [信息] 开始检查电池状态... 
[2024-12-20 00:01:14] [详细] 执行SQL查询: SELECT * FROM powerbank WHERE status = 'InUse' 
[2024-12-20 00:01:14] [信息] 已处理 0 个正在使用的电池 
[2024-12-20 00:01:14] [详细] 执行SQL查询: SELECT * FROM powerbank WHERE status = 'Unavailable' 
[2024-12-20 00:01:14] [信息] 已处理 0 个正在充电的电池 
[2024-12-20 00:01:14] [信息] 电池状态检查完成 
